Command line:
   fsm_tb_isim_beh.exe
     -simmode  gui
     -simrunnum  0
     -socket  33833

Wed Oct 15 13:52:37 2014


 Elaboration Time: 0.01 sec

 Current Memory Usage: 115.45 Meg

 Total Signals          : 7
 Total Nets             : 19
 Total Signal Drivers   : 5
 Total Blocks           : 3
 Total Primitive Blocks : 2
 Total Processes        : 4
 Total Traceable Variables  : 9
 Total Scalar Nets and Variables : 380
Total Line Count : 21

 Total Simulation Time: 0.13 sec

 Current Memory Usage: 122.798 Meg

Wed Oct 15 13:53:26 2014

