ISim log file
Running: /home/l2/houplon/Documents/Archi/TP/TP08/toplevel_toplevel_sch_tb_isim_beh.exe -gui -tclbatch isim.cmd -wdb /home/l2/houplon/Documents/Archi/TP/TP08/toplevel_toplevel_sch_tb_isim_beh.wdb 
ISim M.81d (signature 0x141a37e9)
WARNING: A WEBPACK license was found.
WARNING: Please use Xilinx License Configuration Manager to check out a full ISim license.
WARNING: ISim will run in Lite mode. Please refer to the ISim documentation for more information on the differences between the Lite and the Full version.
This is a Lite version of ISim.
Time resolution is 1 ps
# onerror resume
# wave add /
# run 1000 ns
Simulator is doing circuit initialization process.
at 0 ps, Instance /toplevel_toplevel_sch_tb/UUT/XLXI_10/XLXI_143/U0/ : Warning: This core is supplied with a behavioral model. To model cycle-accurate behavior you must run timing simulation.
Finished circuit initialization process.
at 0 ps, Instance /toplevel_toplevel_sch_tb/UUT/XLXI_10/XLXI_143/U0/ : Warning: NUMERIC_STD.TO_INTEGER: metavalue detected, returning 0
# isim force add /toplevel_toplevel_sch_tb/switches 12 -radix hex
# isim force add /toplevel_toplevel_sch_tb/switches 12 -radix hex
# isim force add /toplevel_toplevel_sch_tb/switches 12 -radix hex
# isim force add /toplevel_toplevel_sch_tb/switches 12 -radix hex
# run 1.00us
# run 1.00us
# run 1.00us
# isim force add /toplevel_toplevel_sch_tb/switches 12 -radix hex
# isim force add /toplevel_toplevel_sch_tb/switches 12 -radix hex
# run 1.00us
# run 1.00us
# run 1.00us
# run 1.00us
# run 1.00us
# run 1.00us
# run 1.00us
# run 1.00us
# run 1.00us
# run 1.00us
# exit 0
