Running: /usr/local/Xilinx/12.4/ISE_DS/ISE/bin/lin/unwrapped/fuse -intstyle ise -incremental -o /home/l2/houplon/Documents/Archi/TP/TP05/controleur_controleur_sch_tb_isim_beh.exe -prj /home/l2/houplon/Documents/Archi/TP/TP05/controleur_controleur_sch_tb_beh.prj work.controleur_controleur_sch_tb 
ISim M.81d (signature 0x141a37e9)
Number of CPUs detected in this system: 4
Turning on mult-threading, number of parallel sub-compilation jobs: 8 
Determining compilation order of HDL files
Parsing VHDL file "/home/l2/houplon/Documents/Archi/TP/TP05/fsm.vhd" into library work
Parsing VHDL file "/home/l2/houplon/Documents/Archi/TP/TP05/controleur.vhf" into library work
Parsing VHDL file "/home/l2/houplon/Documents/Archi/TP/TP05/controleur_tb.vhd" into library work
Starting static elaboration
Completed static elaboration
Fuse Memory Usage: 35192 KB
Fuse CPU Usage: 170 ms
Using precompiled package standard from library std
Using precompiled package std_logic_1164 from library ieee
Using precompiled package numeric_std from library ieee
Compiling package vcomponents
Compiling architecture xor2_v of entity xor2 [xor2_default]
Compiling architecture fdce_v of entity fdce [\FDCE('0')\]
Compiling architecture behavioral of entity ftce_mxilinx_controleur [\FTCE_MXILINX_controleur('0')\]
Compiling architecture and4_v of entity and4 [and4_default]
Compiling architecture and3_v of entity and3 [and3_default]
Compiling architecture and2_v of entity and2 [and2_default]
Compiling architecture vcc_v of entity vcc [vcc_default]
Compiling architecture behavioral of entity cb4ce_mxilinx_controleur [cb4ce_mxilinx_controleur_default]
Compiling architecture behavioral of entity fsm [fsm_default]
Compiling architecture behavioral of entity controleur [controleur_default]
Compiling architecture behavioral of entity controleur_controleur_sch_tb
Time Resolution for simulation is 1ps.
Waiting for 1 sub-compilation(s) to finish...
Compiled 25 VHDL Units
Built simulation executable /home/l2/houplon/Documents/Archi/TP/TP05/controleur_controleur_sch_tb_isim_beh.exe
Fuse Memory Usage: 76196 KB
Fuse CPU Usage: 200 ms
GCC CPU Usage: 390 ms
