Command line:
   pulse_isim_beh.exe
     -simmode  gui
     -simrunnum  0
     -socket  52818

Wed Dec  3 08:49:17 2014


 Elaboration Time: 0.01 sec

 Current Memory Usage: 115.544 Meg

 Total Signals          : 69
 Total Nets             : 41
 Total Signal Drivers   : 15
 Total Blocks           : 13
 Total Primitive Blocks : 12
 Total Processes        : 15
 Total Traceable Variables  : 19
 Total Scalar Nets and Variables : 530
Total Line Count : 21

 Total Simulation Time: 0.03 sec

 Current Memory Usage: 122.892 Meg

Wed Dec  3 08:49:32 2014

