Command line:
   fsmtravaux_tb_isim_beh.exe
     -simmode  gui
     -simrunnum  0
     -socket  56221

Wed Oct 15 14:11:02 2014


 Elaboration Time: 0.02 sec

 Current Memory Usage: 115.454 Meg

 Total Signals          : 9
 Total Nets             : 20
 Total Signal Drivers   : 6
 Total Blocks           : 3
 Total Primitive Blocks : 2
 Total Processes        : 5
 Total Traceable Variables  : 9
 Total Scalar Nets and Variables : 381
Total Line Count : 35

 Total Simulation Time: 0.52 sec

 Current Memory Usage: 122.802 Meg

Wed Oct 15 14:12:33 2014

