Command line:
   add1bit_isim_beh.exe
     -simmode  gui
     -simrunnum  0
     -socket  45122

Wed Oct  1 08:17:30 2014


 Elaboration Time: 0.02 sec

 Current Memory Usage: 115.54 Meg

 Total Signals          : 54
 Total Nets             : 31
 Total Signal Drivers   : 5
 Total Blocks           : 11
 Total Primitive Blocks : 8
 Total Processes        : 5
 Total Traceable Variables  : 13
 Total Scalar Nets and Variables : 514
Total Line Count : 5

 Total Simulation Time: 0.04 sec

 Current Memory Usage: 122.888 Meg

Wed Oct  1 08:21:22 2014

