Release 12.4 Map M.81d (lin)
Xilinx Mapping Report File for Design 'toplevel'

Design Information
------------------
Command Line   : map -intstyle ise -p xc3s1200e-fg320-4 -cm area -ir off -pr off
-c 100 -o toplevel_map.ncd toplevel.ngd toplevel.pcf 
Target Device  : xc3s1200e
Target Package : fg320
Target Speed   : -4
Mapper Version : spartan3e -- $Revision: 1.52.76.2 $
Mapped Date    : Wed Oct 15 09:03:36 2014

Design Summary
--------------
Number of errors:      0
Number of warnings:    0
Logic Utilization:
  Number of Slice Flip Flops:            19 out of  17,344    1%
  Number of 4 input LUTs:                21 out of  17,344    1%
Logic Distribution:
  Number of occupied Slices:             31 out of   8,672    1%
    Number of Slices containing only related logic:      31 out of      31 100%
    Number of Slices containing unrelated logic:          0 out of      31   0%
      *See NOTES below for an explanation of the effects of unrelated logic.
  Total Number of 4 input LUTs:          23 out of  17,344    1%
    Number used as logic:                21
    Number used as a route-thru:          2

  The Slice Logic Distribution report is not meaningful if the design is
  over-mapped for a non-slice resource or if Placement fails.

  Number of bonded IOBs:                 20 out of     250    8%
  Number of BUFGMUXs:                     1 out of      24    4%

Average Fanout of Non-Clock Nets:                2.33

Peak Memory Usage:  161 MB
Total REAL time to MAP completion:  1 secs 
Total CPU time to MAP completion:   1 secs 

NOTES:

   Related logic is defined as being logic that shares connectivity - e.g. two
   LUTs are "related" if they share common inputs.  When assembling slices,
   Map gives priority to combine logic that is related.  Doing so results in
   the best timing performance.

   Unrelated logic shares no connectivity.  Map will only begin packing
   unrelated logic into a slice once 99% of the slices are occupied through
   related logic packing.

   Note that once logic distribution reaches the 99% level through related
   logic packing, this does not mean the device is completely utilized.
   Unrelated logic packing will then begin, continuing until all usable LUTs
   and FFs are occupied.  Depending on your timing budget, increased levels of
   unrelated logic packing may adversely affect the overall timing performance
   of your design.

Table of Contents
-----------------
Section 1 - Errors
Section 2 - Warnings
Section 3 - Informational
Section 4 - Removed Logic Summary
Section 5 - Removed Logic
Section 6 - IOB Properties
Section 7 - RPMs
Section 8 - Guide Report
Section 9 - Area Group and Partition Summary
Section 10 - Timing Report
Section 11 - Configuration String Information
Section 12 - Control Set Information
Section 13 - Utilization by Hierarchy

Section 1 - Errors
------------------

Section 2 - Warnings
--------------------
WARNING:Security:42 - Your software subscription period has lapsed. Your current
version of Xilinx tools will continue to function, but you no longer qualify for
Xilinx software updates or new releases.

Section 3 - Informational
-------------------------
INFO:Security:54 - 'xc3s1200e' is a WebPack part.
INFO:MapLib:562 - No environment variables are currently set.
INFO:LIT:244 - All of the single ended outputs in this design are using slew
   rate limited output drivers. The delay on speed critical single ended outputs
   can be dramatically reduced by designating them as fast outputs.

Section 4 - Removed Logic Summary
---------------------------------
  18 block(s) removed
  22 block(s) optimized away
  18 signal(s) removed

Section 5 - Removed Logic
-------------------------

The trimmed logic reported below is either:
   1. part of a cycle
   2. part of disabled logic
   3. a side-effect of other trimmed logic

The signal "XLXI_5/XLXN_128" is unused and has been removed.
 Unused block "XLXI_5/XLXI_95" (BUF) removed.
  The signal "XLXI_5/XLXN_133" is unused and has been removed.
   Unused block "XLXI_5/XLXI_94" (FF) removed.
    The signal "XLXI_5/XLXN_132" is unused and has been removed.
     Unused block "XLXI_5/XLXI_96" (FF) removed.
      The signal "XLXI_5/XLXN_129" is unused and has been removed.
       Unused block "XLXI_5/XLXI_97" (BUF) removed.
The signal "XLXI_5/XLXN_130" is unused and has been removed.
 Unused block "XLXI_5/XLXI_99" (BUF) removed.
  The signal "XLXI_5/XLXN_142" is unused and has been removed.
   Unused block "XLXI_5/XLXI_98" (FF) removed.
    The signal "XLXI_5/XLXN_134" is unused and has been removed.
     Unused block "XLXI_5/XLXI_100" (FF) removed.
      The signal "XLXI_5/XLXN_131" is unused and has been removed.
       Unused block "XLXI_5/XLXI_101" (BUF) removed.
The signal "XLXI_5/XLXN_143" is unused and has been removed.
 Unused block "XLXI_5/XLXI_109" (BUF) removed.
  The signal "XLXI_5/clksec_DUMMY" is unused and has been removed.
   Unused block "XLXI_5/XLXI_108" (FF) removed.
    The signal "XLXI_5/XLXN_147" is unused and has been removed.
     Unused block "XLXI_5/XLXI_110" (FF) removed.
      The signal "XLXI_5/XLXN_155" is unused and has been removed.
       Unused block "XLXI_5/XLXI_120" (FF) removed.
        The signal "XLXI_5/XLXN_154" is unused and has been removed.
         Unused block "XLXI_5/XLXI_116" (FF) removed.
          The signal "XLXI_5/XLXN_153" is unused and has been removed.
           Unused block "XLXI_5/XLXI_118" (FF) removed.
            The signal "XLXI_5/XLXN_151" is unused and has been removed.
             Unused block "XLXI_5/XLXI_119" (BUF) removed.
          The signal "XLXI_5/XLXN_150" is unused and has been removed.
           Unused block "XLXI_5/XLXI_117" (BUF) removed.
        The signal "XLXI_5/XLXN_152" is unused and has been removed.
         Unused block "XLXI_5/XLXI_121" (BUF) removed.
      The signal "XLXI_5/XLXN_144" is unused and has been removed.
       Unused block "XLXI_5/XLXI_111" (BUF) removed.

Optimized Block(s):
TYPE 		BLOCK
AND3 		XLXI_6/XLXI_3/XLXI_1/I_M01/I_36_30
AND3B1 		XLXI_6/XLXI_3/XLXI_1/I_M01/I_36_31
OR2 		XLXI_6/XLXI_3/XLXI_1/I_M01/I_36_38
AND3 		XLXI_6/XLXI_3/XLXI_2/I_M01/I_36_30
AND3B1 		XLXI_6/XLXI_3/XLXI_2/I_M01/I_36_31
OR2 		XLXI_6/XLXI_3/XLXI_2/I_M01/I_36_38
AND3 		XLXI_6/XLXI_3/XLXI_3/I_M01/I_36_30
AND3B1 		XLXI_6/XLXI_3/XLXI_3/I_M01/I_36_31
OR2 		XLXI_6/XLXI_3/XLXI_3/I_M01/I_36_38
AND3 		XLXI_6/XLXI_3/XLXI_4/I_M01/I_36_30
AND3B1 		XLXI_6/XLXI_3/XLXI_4/I_M01/I_36_31
OR2 		XLXI_6/XLXI_3/XLXI_4/I_M01/I_36_38
AND3 		XLXI_6/XLXI_4/XLXI_1/I_M23/I_36_30
AND3B1 		XLXI_6/XLXI_4/XLXI_2/I_M23/I_36_31
AND3 		XLXI_6/XLXI_4/XLXI_3/I_M01/I_36_30
AND3B1 		XLXI_6/XLXI_4/XLXI_4/I_M01/I_36_31
VCC 		XLXI_6/XLXI_4/XLXI_5
GND 		XST_GND
OR2 		XLXI_6/XLXI_4/XLXI_1/I_M01/I_36_38
OR2 		XLXI_6/XLXI_4/XLXI_2/I_M01/I_36_38
OR2 		XLXI_6/XLXI_4/XLXI_3/I_M23/I_36_38
OR2 		XLXI_6/XLXI_4/XLXI_4/I_M23/I_36_38

To enable printing of redundant blocks removed and signals merged, set the
detailed map report option and rerun map.

Section 6 - IOB Properties
--------------------------

+---------------------------------------------------------------------------------------------------------------------------------------------------------+
| IOB Name                           | Type             | Direction | IO Standard          | Diff  | Drive    | Slew | Reg (s)      | Resistor | IOB      |
|                                    |                  |           |                      | Term  | Strength | Rate |              |          | Delay    |
+---------------------------------------------------------------------------------------------------------------------------------------------------------+
| anodes<0>                          | IOB              | OUTPUT    | LVCMOS25             |       | 12       | SLOW |              |          | 0 / 0    |
| anodes<1>                          | IOB              | OUTPUT    | LVCMOS25             |       | 12       | SLOW |              |          | 0 / 0    |
| anodes<2>                          | IOB              | OUTPUT    | LVCMOS25             |       | 12       | SLOW |              |          | 0 / 0    |
| anodes<3>                          | IOB              | OUTPUT    | LVCMOS25             |       | 12       | SLOW |              |          | 0 / 0    |
| clk                                | IBUF             | INPUT     | LVCMOS25             |       |          |      |              |          | 0 / 0    |
| sevenseg<0>                        | IOB              | OUTPUT    | LVCMOS25             |       | 12       | SLOW |              |          | 0 / 0    |
| sevenseg<1>                        | IOB              | OUTPUT    | LVCMOS25             |       | 12       | SLOW |              |          | 0 / 0    |
| sevenseg<2>                        | IOB              | OUTPUT    | LVCMOS25             |       | 12       | SLOW |              |          | 0 / 0    |
| sevenseg<3>                        | IOB              | OUTPUT    | LVCMOS25             |       | 12       | SLOW |              |          | 0 / 0    |
| sevenseg<4>                        | IOB              | OUTPUT    | LVCMOS25             |       | 12       | SLOW |              |          | 0 / 0    |
| sevenseg<5>                        | IOB              | OUTPUT    | LVCMOS25             |       | 12       | SLOW |              |          | 0 / 0    |
| sevenseg<6>                        | IOB              | OUTPUT    | LVCMOS25             |       | 12       | SLOW |              |          | 0 / 0    |
| switches<0>                        | IBUF             | INPUT     | LVCMOS25             |       |          |      |              |          | 0 / 0    |
| switches<1>                        | IBUF             | INPUT     | LVCMOS25             |       |          |      |              |          | 0 / 0    |
| switches<2>                        | IBUF             | INPUT     | LVCMOS25             |       |          |      |              |          | 0 / 0    |
| switches<3>                        | IBUF             | INPUT     | LVCMOS25             |       |          |      |              |          | 0 / 0    |
| switches<4>                        | IBUF             | INPUT     | LVCMOS25             |       |          |      |              |          | 0 / 0    |
| switches<5>                        | IBUF             | INPUT     | LVCMOS25             |       |          |      |              |          | 0 / 0    |
| switches<6>                        | IBUF             | INPUT     | LVCMOS25             |       |          |      |              |          | 0 / 0    |
| switches<7>                        | IBUF             | INPUT     | LVCMOS25             |       |          |      |              |          | 0 / 0    |
+---------------------------------------------------------------------------------------------------------------------------------------------------------+

Section 7 - RPMs
----------------

Section 8 - Guide Report
------------------------
Guide not run on this design.

Section 9 - Area Group and Partition Summary
--------------------------------------------

Partition Implementation Status
-------------------------------

  No Partitions were found in this design.

-------------------------------

Area Group Information
----------------------

  No area groups were found in this design.

----------------------

Section 10 - Timing Report
--------------------------
This design was not run using timing mode.

Section 11 - Configuration String Details
-----------------------------------------
Use the "-detail" map option to print out Configuration Strings

Section 12 - Control Set Information
------------------------------------
No control set information for this architecture.

Section 13 - Utilization by Hierarchy
-------------------------------------
Use the "-detail" map option to print out the Utilization by Hierarchy section.
